This is pdfTeX, Version 3.1415926-2.3-1.40.12 (TeX Live 2011) (format=pdflatex 2011.9.18)  16 DEC 2011 13:55
entering extended mode
 restricted \write18 enabled.
 %&-line parsing enabled.
**LaTeX_ArticleSample.tex
(./LaTeX_ArticleSample.tex
LaTeX2e <2011/06/27>
Babel <v3.8m> and hyphenation patterns for english, dumylang, nohyphenation, ge
rman-x-2011-07-01, ngerman-x-2011-07-01, afrikaans, ancientgreek, ibycus, arabi
c, armenian, basque, bulgarian, catalan, pinyin, coptic, croatian, czech, danis
h, dutch, ukenglish, usenglishmax, esperanto, estonian, ethiopic, farsi, finnis
h, french, galician, german, ngerman, swissgerman, monogreek, greek, hungarian,
 icelandic, assamese, bengali, gujarati, hindi, kannada, malayalam, marathi, or
iya, panjabi, tamil, telugu, indonesian, interlingua, irish, italian, kurmanji,
 lao, latin, latvian, lithuanian, mongolian, mongolianlmc, bokmal, nynorsk, pol
ish, portuguese, romanian, russian, sanskrit, serbian, serbianc, slovak, sloven
ian, spanish, swedish, turkish, turkmen, ukrainian, uppersorbian, welsh, loaded
.
(/usr/local/texlive/2011/texmf-dist/tex/latex/base/article.cls
Document Class: article 2007/10/19 v1.4h Standard LaTeX document class
(/usr/local/texlive/2011/texmf-dist/tex/latex/base/size10.clo
File: size10.clo 2007/10/19 v1.4h Standard LaTeX file (size option)
)
\c@part=\count79
\c@section=\count80
\c@subsection=\count81
\c@subsubsection=\count82
\c@paragraph=\count83
\c@subparagraph=\count84
\c@figure=\count85
\c@table=\count86
\abovecaptionskip=\skip41
\belowcaptionskip=\skip42
\bibindent=\dimen102
)
(/usr/local/texlive/2011/texmf-dist/tex/latex/graphics/graphicx.sty
Package: graphicx 1999/02/16 v1.0f Enhanced LaTeX Graphics (DPC,SPQR)

(/usr/local/texlive/2011/texmf-dist/tex/latex/graphics/keyval.sty
Package: keyval 1999/03/16 v1.13 key=value parser (DPC)
\KV@toks@=\toks14
)
(/usr/local/texlive/2011/texmf-dist/tex/latex/graphics/graphics.sty
Package: graphics 2009/02/05 v1.0o Standard LaTeX Graphics (DPC,SPQR)

(/usr/local/texlive/2011/texmf-dist/tex/latex/graphics/trig.sty
Package: trig 1999/03/16 v1.09 sin cos tan (DPC)
)
(/usr/local/texlive/2011/texmf-dist/tex/latex/latexconfig/graphics.cfg
File: graphics.cfg 2010/04/23 v1.9 graphics configuration of TeX Live
)
Package graphics Info: Driver file: pdftex.def on input line 91.

(/usr/local/texlive/2011/texmf-dist/tex/latex/pdftex-def/pdftex.def
File: pdftex.def 2011/05/27 v0.06d Graphics/color for pdfTeX

(/usr/local/texlive/2011/texmf-dist/tex/generic/oberdiek/infwarerr.sty
Package: infwarerr 2010/04/08 v1.3 Providing info/warning/message (HO)
)
(/usr/local/texlive/2011/texmf-dist/tex/generic/oberdiek/ltxcmds.sty
Package: ltxcmds 2011/04/18 v1.20 LaTeX kernel commands for general use (HO)
)
\Gread@gobject=\count87
))
\Gin@req@height=\dimen103
\Gin@req@width=\dimen104
)
(/usr/local/texlive/2011/texmf-dist/tex/latex/amsmath/amscd.sty
Package: amscd 1999/11/29 v1.2d

(/usr/local/texlive/2011/texmf-dist/tex/latex/amsmath/amsgen.sty
File: amsgen.sty 1999/11/30 v2.0
\@emptytoks=\toks15
\ex@=\dimen105
)
\athelp@=\toks16
\minaw@=\dimen106
\bigaw@=\dimen107
\minCDarrowwidth=\dimen108
)
(/usr/local/texlive/2011/texmf-dist/tex/latex/amsmath/amsmath.sty
Package: amsmath 2000/07/18 v2.13 AMS math features
\@mathmargin=\skip43

For additional information on amsmath, use the `?' option.
(/usr/local/texlive/2011/texmf-dist/tex/latex/amsmath/amstext.sty
Package: amstext 2000/06/29 v2.01
)
(/usr/local/texlive/2011/texmf-dist/tex/latex/amsmath/amsbsy.sty
Package: amsbsy 1999/11/29 v1.2d
\pmbraise@=\dimen109
)
(/usr/local/texlive/2011/texmf-dist/tex/latex/amsmath/amsopn.sty
Package: amsopn 1999/12/14 v2.01 operator names
)
\inf@bad=\count88
LaTeX Info: Redefining \frac on input line 211.
\uproot@=\count89
\leftroot@=\count90
LaTeX Info: Redefining \overline on input line 307.
\classnum@=\count91
\DOTSCASE@=\count92
LaTeX Info: Redefining \ldots on input line 379.
LaTeX Info: Redefining \dots on input line 382.
LaTeX Info: Redefining \cdots on input line 467.
\Mathstrutbox@=\box26
\strutbox@=\box27
\big@size=\dimen110
LaTeX Font Info:    Redeclaring font encoding OML on input line 567.
LaTeX Font Info:    Redeclaring font encoding OMS on input line 568.
\macc@depth=\count93
\c@MaxMatrixCols=\count94
\dotsspace@=\muskip10
\c@parentequation=\count95
\dspbrk@lvl=\count96
\tag@help=\toks17
\row@=\count97
\column@=\count98
\maxfields@=\count99
\andhelp@=\toks18
\eqnshift@=\dimen111
\alignsep@=\dimen112
\tagshift@=\dimen113
\tagwidth@=\dimen114
\totwidth@=\dimen115
\lineht@=\dimen116
\@envbody=\toks19
\multlinegap=\skip44
\multlinetaggap=\skip45
\mathdisplay@stack=\toks20
LaTeX Info: Redefining \[ on input line 2666.
LaTeX Info: Redefining \] on input line 2667.
)
(/usr/local/texlive/2011/texmf-dist/tex/latex/amsfonts/amssymb.sty
Package: amssymb 2009/06/22 v3.00

(/usr/local/texlive/2011/texmf-dist/tex/latex/amsfonts/amsfonts.sty
Package: amsfonts 2009/06/22 v3.00 Basic AMSFonts support
\symAMSa=\mathgroup4
\symAMSb=\mathgroup5
LaTeX Font Info:    Overwriting math alphabet `\mathfrak' in version `bold'
(Font)                  U/euf/m/n --> U/euf/b/n on input line 96.
))
(/usr/local/texlive/2011/texmf-dist/tex/latex/tools/verbatim.sty
Package: verbatim 2003/08/22 v1.5q LaTeX2e package for verbatim enhancements
\every@verbatim=\toks21
\verbatim@line=\toks22
\verbatim@in@stream=\read1
)
(/usr/local/texlive/2011/texmf-dist/tex/latex/hyperref/hyperref.sty
Package: hyperref 2011/08/19 v6.82h Hypertext links for LaTeX

(/usr/local/texlive/2011/texmf-dist/tex/generic/oberdiek/hobsub-hyperref.sty
Package: hobsub-hyperref 2011/04/23 v1.4 Bundle oberdiek, subset hyperref (HO)

(/usr/local/texlive/2011/texmf-dist/tex/generic/oberdiek/hobsub-generic.sty
Package: hobsub-generic 2011/04/23 v1.4 Bundle oberdiek, subset generic (HO)
Package: hobsub 2011/04/23 v1.4 Subsetting bundle oberdiek (HO)
Package hobsub Info: Skipping package `infwarerr' (already loaded).
Package hobsub Info: Skipping package `ltxcmds' (already loaded).
Package: ifluatex 2010/03/01 v1.3 Provides the ifluatex switch (HO)
Package ifluatex Info: LuaTeX not detected.
Package: ifvtex 2010/03/01 v1.5 Switches for detecting VTeX and its modes (HO)
Package ifvtex Info: VTeX not detected.
Package: intcalc 2007/09/27 v1.1 Expandable integer calculations (HO)
Package: ifpdf 2011/01/30 v2.3 Provides the ifpdf switch (HO)
Package ifpdf Info: pdfTeX in PDF mode is detected.
Package: etexcmds 2011/02/16 v1.5 Prefix for e-TeX command names (HO)
Package etexcmds Info: Could not find \expanded.
(etexcmds)             That can mean that you are not using pdfTeX 1.50 or
(etexcmds)             that some package has redefined \expanded.
(etexcmds)             In the latter case, load this package earlier.
Package: kvsetkeys 2011/04/07 v1.13 Key value parser (HO)
Package: kvdefinekeys 2011/04/07 v1.3 Defining keys (HO)
Package: pdftexcmds 2011/04/22 v0.16 Utilities of pdfTeX for LuaTeX (HO)
Package pdftexcmds Info: LuaTeX not detected.
Package pdftexcmds Info: \pdf@primitive is available.
Package pdftexcmds Info: \pdf@ifprimitive is available.
Package pdftexcmds Info: \pdfdraftmode found.
Package: pdfescape 2011/04/04 v1.12 Provides string conversions (HO)
Package: bigintcalc 2011/01/30 v1.2 Expandable big integer calculations (HO)
Package: bitset 2011/01/30 v1.1 Data type bit set (HO)
Package: uniquecounter 2011/01/30 v1.2 Provides unlimited unique counter (HO)
)
Package hobsub Info: Skipping package `hobsub' (already loaded).
Package: letltxmacro 2010/09/02 v1.4 Let assignment for LaTeX macros (HO)
Package: hopatch 2011/01/30 v1.0 Wrapper for package hooks (HO)
Package: xcolor-patch 2011/01/30 xcolor patch
Package: atveryend 2011/04/23 v1.7 Hooks at very end of document (HO)
Package: atbegshi 2011/01/30 v1.15 At begin shipout hook (HO)
Package: refcount 2010/12/01 v3.2 Data extraction from references (HO)
Package: hycolor 2011/01/30 v1.7 Color options of hyperref/bookmark (HO)
)
(/usr/local/texlive/2011/texmf-dist/tex/generic/ifxetex/ifxetex.sty
Package: ifxetex 2010/09/12 v0.6 Provides ifxetex conditional
)
(/usr/local/texlive/2011/texmf-dist/tex/latex/oberdiek/kvoptions.sty
Package: kvoptions 2010/12/23 v3.10 Keyval support for LaTeX options (HO)
)
\@linkdim=\dimen117
\Hy@linkcounter=\count100
\Hy@pagecounter=\count101

(/usr/local/texlive/2011/texmf-dist/tex/latex/hyperref/pd1enc.def
File: pd1enc.def 2011/08/19 v6.82h Hyperref: PDFDocEncoding definition (HO)
)
\Hy@SavedSpaceFactor=\count102

(/usr/local/texlive/2011/texmf-dist/tex/latex/latexconfig/hyperref.cfg
File: hyperref.cfg 2002/06/06 v1.2 hyperref configuration of TeXLive
)

! Package hyperref Error: Wrong DVI mode driver option `dvips',
(hyperref)                because pdfTeX or LuaTeX is running in PDF mode.

See the hyperref package documentation for explanation.
Type  H <return>  for immediate help.
 ...                                              
                                                  
l.3932 \ProcessKeyvalOptions{Hyp}
                                 
? 
Package hyperref Info: Hyper figures OFF on input line 4053.
Package hyperref Info: Link nesting OFF on input line 4058.
Package hyperref Info: Hyper index ON on input line 4061.
Package hyperref Info: Plain pages OFF on input line 4068.
Package hyperref Info: Backreferencing OFF on input line 4073.
Package hyperref Info: Implicit mode ON; LaTeX internals redefined.
Package hyperref Info: Bookmarks ON on input line 4291.
\c@Hy@tempcnt=\count103
(/usr/local/texlive/2011/texmf-dist/tex/latex/url/url.sty
\Urlmuskip=\muskip11
Package: url 2006/04/12  ver 3.3  Verb mode for urls, etc.
)
LaTeX Info: Redefining \url on input line 4644.
\Fld@menulength=\count104
\Field@Width=\dimen118
\Fld@charsize=\dimen119
Package hyperref Info: Hyper figures OFF on input line 5730.
Package hyperref Info: Link nesting OFF on input line 5735.
Package hyperref Info: Hyper index ON on input line 5738.
Package hyperref Info: backreferencing OFF on input line 5745.
Package hyperref Info: Link coloring OFF on input line 5750.
Package hyperref Info: Link coloring with OCG OFF on input line 5755.
Package hyperref Info: PDF/A mode OFF on input line 5760.
LaTeX Info: Redefining \ref on input line 5800.
LaTeX Info: Redefining \pageref on input line 5804.
\Hy@abspage=\count105
\c@Item=\count106
\c@Hfootnote=\count107
)

Package hyperref Message: Driver (autodetected): hpdftex.

(/usr/local/texlive/2011/texmf-dist/tex/latex/hyperref/hpdftex.def
File: hpdftex.def 2011/08/19 v6.82h Hyperref driver for pdfTeX
\Fld@listcount=\count108
\c@bookmark@seq@number=\count109

(/usr/local/texlive/2011/texmf-dist/tex/latex/oberdiek/rerunfilecheck.sty
Package: rerunfilecheck 2011/04/15 v1.7 Rerun checks for auxiliary files (HO)
Package uniquecounter Info: New unique counter `rerunfilecheck' on input line 2
82.
)
\Hy@SectionHShift=\skip46
)
(/usr/local/texlive/2011/texmf-dist/tex/latex/base/fontenc.sty
Package: fontenc 2005/09/27 v1.99g Standard LaTeX package

(/usr/local/texlive/2011/texmf-dist/tex/latex/base/ts1enc.def
File: ts1enc.def 2001/06/05 v3.0e (jk/car/fm) Standard LaTeX file
)
(/usr/local/texlive/2011/texmf-dist/tex/latex/base/ot1enc.def
File: ot1enc.def 2005/09/27 v1.99g Standard LaTeX file
LaTeX Font Info:    Redeclaring font encoding OT1 on input line 43.
)
(/usr/local/texlive/2011/texmf-dist/tex/latex/base/t1enc.def
File: t1enc.def 2005/09/27 v1.99g Standard LaTeX file
LaTeX Font Info:    Redeclaring font encoding T1 on input line 43.
))
No file LaTeX_ArticleSample.aux.
\openout1 = `LaTeX_ArticleSample.aux'.

LaTeX Font Info:    Checking defaults for OML/cmm/m/it on input line 17.
LaTeX Font Info:    ... okay on input line 17.
LaTeX Font Info:    Checking defaults for T1/cmr/m/n on input line 17.
LaTeX Font Info:    ... okay on input line 17.
LaTeX Font Info:    Checking defaults for OT1/cmr/m/n on input line 17.
LaTeX Font Info:    ... okay on input line 17.
LaTeX Font Info:    Checking defaults for OMS/cmsy/m/n on input line 17.
LaTeX Font Info:    ... okay on input line 17.
LaTeX Font Info:    Checking defaults for OMX/cmex/m/n on input line 17.
LaTeX Font Info:    ... okay on input line 17.
LaTeX Font Info:    Checking defaults for U/cmr/m/n on input line 17.
LaTeX Font Info:    ... okay on input line 17.
LaTeX Font Info:    Checking defaults for PD1/pdf/m/n on input line 17.
LaTeX Font Info:    ... okay on input line 17.
LaTeX Font Info:    Checking defaults for TS1/cmr/m/n on input line 17.
LaTeX Font Info:    Try loading font information for TS1+cmr on input line 17.
(/usr/local/texlive/2011/texmf-dist/tex/latex/base/ts1cmr.fd
File: ts1cmr.fd 1999/05/25 v2.5h Standard LaTeX font definitions
)
LaTeX Font Info:    ... okay on input line 17.

(/usr/local/texlive/2011/texmf-dist/tex/context/base/supp-pdf.mkii
[Loading MPS to PDF converter (version 2006.09.02).]
\scratchcounter=\count110
\scratchdimen=\dimen120
\scratchbox=\box28
\nofMPsegments=\count111
\nofMParguments=\count112
\everyMPshowfont=\toks23
\MPscratchCnt=\count113
\MPscratchDim=\dimen121
\MPnumerator=\count114
\makeMPintoPDFobject=\count115
\everyMPtoPDFconversion=\toks24
) (/usr/local/texlive/2011/texmf-dist/tex/latex/oberdiek/epstopdf-base.sty
Package: epstopdf-base 2010/02/09 v2.5 Base part for package epstopdf

(/usr/local/texlive/2011/texmf-dist/tex/latex/oberdiek/grfext.sty
Package: grfext 2010/08/19 v1.1 Managing graphics extensions (HO)
)
Package grfext Info: Graphics extension search list:
(grfext)             [.png,.pdf,.jpg,.mps,.jpeg,.jbig2,.jb2,.PNG,.PDF,.JPG,.JPE
G,.JBIG2,.JB2,.eps]
(grfext)             \AppendGraphicsExtensions on input line 452.

(/usr/local/texlive/2011/texmf-dist/tex/latex/latexconfig/epstopdf-sys.cfg
File: epstopdf-sys.cfg 2010/07/13 v1.3 Configuration of (r)epstopdf for TeX Liv
e
))
\AtBeginShipoutBox=\box29
Package hyperref Info: Link coloring OFF on input line 17.

(/usr/local/texlive/2011/texmf-dist/tex/latex/hyperref/nameref.sty
Package: nameref 2010/04/30 v2.40 Cross-referencing by name of section

(/usr/local/texlive/2011/texmf-dist/tex/generic/oberdiek/gettitlestring.sty
Package: gettitlestring 2010/12/03 v1.4 Cleanup title references (HO)
)
\c@section@level=\count116
)
LaTeX Info: Redefining \ref on input line 17.
LaTeX Info: Redefining \pageref on input line 17.
LaTeX Info: Redefining \nameref on input line 17.
\@outlinefile=\write3
\openout3 = `LaTeX_ArticleSample.out'.

LaTeX Font Info:    Try loading font information for U+msa on input line 24.

(/usr/local/texlive/2011/texmf-dist/tex/latex/amsfonts/umsa.fd
File: umsa.fd 2009/06/22 v3.00 AMS symbols A
)
LaTeX Font Info:    Try loading font information for U+msb on input line 24.

(/usr/local/texlive/2011/texmf-dist/tex/latex/amsfonts/umsb.fd
File: umsb.fd 2009/06/22 v3.00 AMS symbols B
)
LaTeX Font Info:    Try loading font information for OMS+cmr on input line 30.

(/usr/local/texlive/2011/texmf-dist/tex/latex/base/omscmr.fd
File: omscmr.fd 1999/05/25 v2.5h Standard LaTeX font definitions
)
LaTeX Font Info:    Font shape `OMS/cmr/m/n' in size <9> not available
(Font)              Font shape `OMS/cmsy/m/n' tried instead on input line 30.


LaTeX Warning: Citation `Tymczak' on page 1 undefined on input line 45.


LaTeX Warning: Citation `Graffi' on page 1 undefined on input line 45.


LaTeX Warning: Citation `Sergeev' on page 1 undefined on input line 45.


LaTeX Warning: Citation `Suzuki' on page 1 undefined on input line 45.


LaTeX Warning: Citation `Chebot' on page 1 undefined on input line 45.


LaTeX Warning: Citation `Shanley' on page 1 undefined on input line 45.


LaTeX Warning: Citation `Hatsuda' on page 1 undefined on input line 45.


LaTeX Warning: Citation `Weniger' on page 1 undefined on input line 45.


LaTeX Warning: Citation `Ho96' on page 1 undefined on input line 45.


LaTeX Warning: Citation `Cizek' on page 1 undefined on input line 45.


LaTeX Warning: Citation `Bay' on page 1 undefined on input line 45.


LaTeX Warning: Citation `Voros99' on page 1 undefined on input line 46.


LaTeX Warning: Citation `Khan' on page 1 undefined on input line 46.


LaTeX Warning: Citation `Antons' on page 1 undefined on input line 46.


LaTeX Warning: Citation `Skala' on page 1 undefined on input line 46.


LaTeX Warning: Citation `Meiszn' on page 1 undefined on input line 46.


LaTeX Warning: Citation `Delaba' on page 1 undefined on input line 46.


LaTeX Warning: Citation `Fernan' on page 1 undefined on input line 46.


LaTeX Warning: Citation `Vinett' on page 1 undefined on input line 46.


LaTeX Warning: Reference `XRef-Equation-22712381' on page 1 undefined on input 
line 58.

[1

{/usr/local/texlive/2011/texmf-var/fonts/map/pdftex/updmap/pdftex.map}]
Overfull \hbox (78.81932pt too wide) detected at line 84
[]\OML/cmm/m/it/10 h[] \OT1/cmr/m/n/10 = []
 []


LaTeX Warning: Citation `Wolfram99' on page 2 undefined on input line 91.


Overfull \hbox (107.77916pt too wide) detected at line 96
 []$[]\OT1/cmr/m/n/10 1\OML/cmm/m/it/10 :\OT1/cmr/m/n/10 0603620904841828996470
4601669266354551520872852897793321624524169594356304434442112689629$ 
 []


LaTeX Warning: File `LaTeX_ArticleSample.tex_gr1.eps' not found on input line 1
11.


! LaTeX Error: Unknown graphics extension: .tex_gr1.eps.

See the LaTeX manual or LaTeX Companion for explanation.
Type  H <return>  for immediate help.
 ...                                              
                                                  
l.111 ...graphics{LaTeX_ArticleSample.tex_gr1.eps}
                                                  
? 
[2]

LaTeX Warning: Citation `Trott00A' on page 3 undefined on input line 153.


LaTeX Warning: File `LaTeX_ArticleSample.tex_gr2.eps' not found on input line 1
56.


! LaTeX Error: Unknown graphics extension: .tex_gr2.eps.

See the LaTeX manual or LaTeX Companion for explanation.
Type  H <return>  for immediate help.
 ...                                              
                                                  
l.156 ...graphics{LaTeX_ArticleSample.tex_gr2.eps}
                                                  
? 

LaTeX Warning: Citation `Trott00' on page 3 undefined on input line 165.

LaTeX Font Info:    Try loading font information for T1+cmtt on input line 165.

(/usr/local/texlive/2011/texmf-dist/tex/latex/base/t1cmtt.fd
File: t1cmtt.fd 1999/05/25 v2.5h Standard LaTeX font definitions
)
Overfull \hbox (9.3973pt too wide) in paragraph at lines 249--256
[]\T1/cmr/m/n/10 Calculating now $\OML/cmm/m/it/10 ^^U$\T1/cmtt/m/n/10 Bounds[1
6000, 16, \T1/cmr/m/it/10 start-ing-Val-ues\T1/cmtt/m/n/10 , WorkingPrecision$\
OMS/cmsy/m/n/10 !
 []


Overfull \hbox (1.57571pt too wide) in paragraph at lines 249--256
\T1/cmtt/m/n/10 6000, AccuracyGoal$\OMS/cmsy/m/n/10 !  $\T1/cmtt/m/n/10 600, Ma
xIterations$\OMS/cmsy/m/n/10 !  $\T1/cmtt/m/n/10 100] \T1/cmr/m/n/10 (where \T1
/cmr/m/it/10 start-ing-Val-ues
 []


Overfull \hbox (107.77916pt too wide) detected at line 272
 []$[]\OT1/cmr/m/n/10 1\OML/cmm/m/it/10 :\OT1/cmr/m/n/10 0603620904841828996470
4601669266354551520872852897793321624524169594356304434442112689629$ 
 []


Overfull \hbox (100.00136pt too wide) detected at line 272
 []$[]\OT1/cmr/m/n/10 913467170351054624435858252558087980821029314701317683637
38249357892262460047081754469601$ 
 []


Overfull \hbox (100.00136pt too wide) detected at line 272
 []$[]\OT1/cmr/m/n/10 416374884172822569059357577908880617887902636015493956902
75196148900942934873584409442694$ 
 []


Overfull \hbox (100.00136pt too wide) detected at line 272
 []$[]\OT1/cmr/m/n/10 897901213971464290951923354533828347033505757615112025703
98885237202402218411030865737310$ 
 []


Overfull \hbox (100.00136pt too wide) detected at line 272
 []$[]\OT1/cmr/m/n/10 913989154536584103111679405833548600092274400696311267023
88622971429699610592155832266713$ 
 []


Overfull \hbox (100.00136pt too wide) detected at line 272
 []$[]\OT1/cmr/m/n/10 769355086736100008318300275179262335739139061361807764985
96961814994127928092728407079561$ 
 []


Overfull \hbox (100.00136pt too wide) detected at line 272
 []$[]\OT1/cmr/m/n/10 060440722946809949136275729273872791368902798424722261716
94448895475137043806840543918778$ 
 []


Overfull \hbox (100.00136pt too wide) detected at line 272
 []$[]\OT1/cmr/m/n/10 772953234245874372543178323190603810687416044034374530146
84727813918612940470431034013510$ 
 []


Overfull \hbox (100.00136pt too wide) detected at line 272
 []$[]\OT1/cmr/m/n/10 716071103530089298232754276615189869505650471602527560895
26262191025688200964410287815640$ 
 []


Overfull \hbox (100.00136pt too wide) detected at line 272
 []$[]\OT1/cmr/m/n/10 052705292932405076382650282591124773625384718547144025722
85438485297450458570978840249066$ 
 []


Overfull \hbox (100.00136pt too wide) detected at line 272
 []$[]\OT1/cmr/m/n/10 999570476844587709176202912437527325490711643344023029473
06923981908956853745359884460160$ 
 []


Overfull \hbox (100.00136pt too wide) detected at line 272
 []$[]\OT1/cmr/m/n/10 023132919330593958693049166442816339461633242870042614612
37743009952234204208597735690153$ 
 []


Overfull \hbox (100.00136pt too wide) detected at line 272
 []$[]\OT1/cmr/m/n/10 565416850308941851348795734106585479719467596466796613467
68858643795265451956056828671595$ 
 []

[3]

LaTeX Warning: Citation `Trott00A' on page 4 undefined on input line 291.


LaTeX Warning: File `LaTeX_ArticleSample.tex_gr3.eps' not found on input line 2
94.


! LaTeX Error: Unknown graphics extension: .tex_gr3.eps.

See the LaTeX manual or LaTeX Companion for explanation.
Type  H <return>  for immediate help.
 ...                                              
                                                  
l.294 ...graphics{LaTeX_ArticleSample.tex_gr3.eps}
                                                  
? 
[4]

LaTeX Warning: Citation `Brillo' on page 5 undefined on input line 309.


LaTeX Warning: Citation `Ashcro76' on page 5 undefined on input line 309.


LaTeX Warning: Citation `Crackw' on page 5 undefined on input line 309.


LaTeX Warning: Citation `Landsb' on page 5 undefined on input line 309.


LaTeX Warning: Citation `Bieber' on page 5 undefined on input line 313.


LaTeX Warning: Citation `Jones' on page 5 undefined on input line 313.


LaTeX Warning: Citation `Skriga' on page 5 undefined on input line 313.


LaTeX Warning: Citation `Veerman' on page 5 undefined on input line 313.


LaTeX Warning: Citation `Wolfram99' on page 5 undefined on input line 324.


LaTeX Warning: Reference `XRef-Figure-22712467' on page 5 undefined on input li
ne 336.


LaTeX Warning: File `LaTeX_ArticleSample.tex_gr4.eps' not found on input line 3
43.


! LaTeX Error: Unknown graphics extension: .tex_gr4.eps.

See the LaTeX manual or LaTeX Companion for explanation.
Type  H <return>  for immediate help.
 ...                                              
                                                  
l.343 ...graphics{LaTeX_ArticleSample.tex_gr4.eps}
                                                  
? 

LaTeX Warning: Reference `XRef-Figure-227124554' on page 5 undefined on input l
ine 350.


LaTeX Warning: File `LaTeX_ArticleSample.tex_gr5.eps' not found on input line 3
57.


! LaTeX Error: Unknown graphics extension: .tex_gr5.eps.

See the LaTeX manual or LaTeX Companion for explanation.
Type  H <return>  for immediate help.
 ...                                              
                                                  
l.357 ...graphics{LaTeX_ArticleSample.tex_gr5.eps}
                                                  
? 

LaTeX Warning: `h' float specifier changed to `ht'.


LaTeX Warning: Reference `XRef-Figure-227124537' on page 5 undefined on input l
ine 366.


LaTeX Warning: File `LaTeX_ArticleSample.tex_gr6.eps' not found on input line 3
72.


! LaTeX Error: Unknown graphics extension: .tex_gr6.eps.

See the LaTeX manual or LaTeX Companion for explanation.
Type  H <return>  for immediate help.
 ...                                              
                                                  
l.372 ...graphics{LaTeX_ArticleSample.tex_gr6.eps}
                                                  
? 
[5]

LaTeX Warning: Citation `Trott00B' on page 6 undefined on input line 380.


LaTeX Warning: Reference `XRef-Figure-227124524' on page 6 undefined on input l
ine 382.


LaTeX Warning: Reference `XRef-Figure-227124514' on page 6 undefined on input l
ine 384.


LaTeX Warning: Reference `XRef-Figure-227124459' on page 6 undefined on input l
ine 385.


LaTeX Warning: File `LaTeX_ArticleSample.tex_gr7.eps' not found on input line 3
93.


! LaTeX Error: Unknown graphics extension: .tex_gr7.eps.

See the LaTeX manual or LaTeX Companion for explanation.
Type  H <return>  for immediate help.
 ...                                              
                                                  
l.393 ...graphics{LaTeX_ArticleSample.tex_gr7.eps}
                                                  
? 

LaTeX Warning: File `LaTeX_ArticleSample.tex_gr8.eps' not found on input line 4
01.


! LaTeX Error: Unknown graphics extension: .tex_gr8.eps.

See the LaTeX manual or LaTeX Companion for explanation.
Type  H <return>  for immediate help.
 ...                                              
                                                  
l.401 ...graphics{LaTeX_ArticleSample.tex_gr8.eps}
                                                  
? 

LaTeX Warning: File `LaTeX_ArticleSample.tex_gr9.eps' not found on input line 4
09.


! LaTeX Error: Unknown graphics extension: .tex_gr9.eps.

See the LaTeX manual or LaTeX Companion for explanation.
Type  H <return>  for immediate help.
 ...                                              
                                                  
l.409 ...graphics{LaTeX_ArticleSample.tex_gr9.eps}
                                                  
? 

LaTeX Warning: `h' float specifier changed to `ht'.


LaTeX Warning: `h' float specifier changed to `ht'.


LaTeX Warning: Reference `XRef-Figure-227124436' on page 6 undefined on input l
ine 417.


LaTeX Warning: File `LaTeX_ArticleSample.tex_gr10.eps' not found on input line 
423.


! LaTeX Error: Unknown graphics extension: .tex_gr10.eps.

See the LaTeX manual or LaTeX Companion for explanation.
Type  H <return>  for immediate help.
 ...                                              
                                                  
l.423 ...raphics{LaTeX_ArticleSample.tex_gr10.eps}
                                                  
? 

LaTeX Warning: `h' float specifier changed to `ht'.


LaTeX Warning: Reference `XRef-Table-227124417' on page 6 undefined on input li
ne 433.

[6] [7]

LaTeX Warning: Citation `Misner' on page 8 undefined on input line 503.

! Double superscript.
<argument> ... }^{\gamma } \\N^{\alpha }_{\beta }^
                                                  {,\gamma }=N^{\alpha }_{\b...
l.519 \end{gather*}
                   
? 
! Double superscript.
<argument> ... }^{\gamma } \\N^{\alpha }_{\beta }^
                                                  {,\gamma }=N^{\alpha }_{\b...
l.519 \end{gather*}
                   
? 

LaTeX Warning: Citation `Misner' on page 8 undefined on input line 521.

[8] [9] [10]
Package atveryend Info: Empty hook `BeforeClearDocument' on input line 634.
 [11]
Package atveryend Info: Empty hook `AfterLastShipout' on input line 634.
 (./LaTeX_ArticleSample.aux)
Package atveryend Info: Executing hook `AtVeryEndDocument' on input line 634.
Package atveryend Info: Executing hook `AtEndAfterFileList' on input line 634.


Package rerunfilecheck Warning: File `LaTeX_ArticleSample.out' has changed.
(rerunfilecheck)                Rerun to get outlines right
(rerunfilecheck)                or use package `bookmark'.

Package rerunfilecheck Info: Checksums for `LaTeX_ArticleSample.out':
(rerunfilecheck)             Before: <no file>
(rerunfilecheck)             After:  57CE0F823677858AB1ECA08F7E53CCCF;979.

LaTeX Warning: There were undefined references.


LaTeX Warning: Label(s) may have changed. Rerun to get cross-references right.

 ) 
Here is how much of TeX's memory you used:
 6521 strings out of 493629
 93336 string characters out of 3143323
 190558 words of memory out of 3000000
 9650 multiletter control sequences out of 15000+200000
 22545 words of font info for 59 fonts, out of 3000000 for 9000
 831 hyphenation exceptions out of 8191
 29i,14n,28p,307b,436s stack positions out of 5000i,500n,10000p,200000b,50000s
{/usr/local/texlive/2011/texmf-dist/fonts/enc/dvips/cm-super/cm-super-t1.enc}
</usr/local/texlive/2011/texmf-dist/fonts/type1/public/amsfonts/cm/cmex10.pfb><
/usr/local/texlive/2011/texmf-dist/fonts/type1/public/amsfonts/cm/cmmi10.pfb></
usr/local/texlive/2011/texmf-dist/fonts/type1/public/amsfonts/cm/cmmi5.pfb></us
r/local/texlive/2011/texmf-dist/fonts/type1/public/amsfonts/cm/cmmi7.pfb></usr/
local/texlive/2011/texmf-dist/fonts/type1/public/amsfonts/cm/cmmi8.pfb></usr/lo
cal/texlive/2011/texmf-dist/fonts/type1/public/amsfonts/cm/cmr10.pfb></usr/loca
l/texlive/2011/texmf-dist/fonts/type1/public/amsfonts/cm/cmr5.pfb></usr/local/t
exlive/2011/texmf-dist/fonts/type1/public/amsfonts/cm/cmr7.pfb></usr/local/texl
ive/2011/texmf-dist/fonts/type1/public/amsfonts/cm/cmsy10.pfb></usr/local/texli
ve/2011/texmf-dist/fonts/type1/public/amsfonts/cm/cmsy5.pfb></usr/local/texlive
/2011/texmf-dist/fonts/type1/public/amsfonts/cm/cmsy7.pfb></usr/local/texlive/2
011/texmf-dist/fonts/type1/public/amsfonts/cm/cmsy9.pfb></usr/local/texlive/201
1/texmf-dist/fonts/type1/public/amsfonts/symbols/msbm10.pfb></usr/local/texlive
/2011/texmf-dist/fonts/type1/public/cm-super/sfbx0900.pfb></usr/local/texlive/2
011/texmf-dist/fonts/type1/public/cm-super/sfbx1000.pfb></usr/local/texlive/201
1/texmf-dist/fonts/type1/public/cm-super/sfbx1200.pfb></usr/local/texlive/2011/
texmf-dist/fonts/type1/public/cm-super/sfbx1440.pfb></usr/local/texlive/2011/te
xmf-dist/fonts/type1/public/cm-super/sfrm0600.pfb></usr/local/texlive/2011/texm
f-dist/fonts/type1/public/cm-super/sfrm0700.pfb></usr/local/texlive/2011/texmf-
dist/fonts/type1/public/cm-super/sfrm0800.pfb></usr/local/texlive/2011/texmf-di
st/fonts/type1/public/cm-super/sfrm0900.pfb></usr/local/texlive/2011/texmf-dist
/fonts/type1/public/cm-super/sfrm1000.pfb></usr/local/texlive/2011/texmf-dist/f
onts/type1/public/cm-super/sfrm1200.pfb></usr/local/texlive/2011/texmf-dist/fon
ts/type1/public/cm-super/sfrm1728.pfb></usr/local/texlive/2011/texmf-dist/fonts
/type1/public/cm-super/sfti0900.pfb></usr/local/texlive/2011/texmf-dist/fonts/t
ype1/public/cm-super/sfti1000.pfb></usr/local/texlive/2011/texmf-dist/fonts/typ
e1/public/cm-super/sftt1000.pfb>
Output written on LaTeX_ArticleSample.pdf (11 pages, 419627 bytes).
PDF statistics:
 267 PDF objects out of 1000 (max. 8388607)
 224 compressed objects within 3 object streams
 83 named destinations out of 1000 (max. 500000)
 1 words of extra memory for PDF output out of 10000 (max. 10000000)

