This file contains any messages produced by compilers while
running configure, to aid debugging if configure makes a mistake.

It was created by [hw1pass] configure [1.00], which was
generated by GNU Autoconf 2.59.  Invocation command line was

  $ ./configure 

## --------- ##
## Platform. ##
## --------- ##

hostname = wilma.eecs.umich.edu
uname -m = x86_64
uname -r = 2.6.18-274.3.1.el5
uname -s = Linux
uname -v = #1 SMP Fri Aug 26 18:49:02 EDT 2011

/usr/bin/uname -p = unknown
/bin/uname -X     = unknown

/bin/arch              = x86_64
/usr/bin/arch -k       = unknown
/usr/convex/getsysinfo = unknown
hostinfo               = unknown
/bin/machine           = unknown
/usr/bin/oslevel       = unknown
/bin/universe          = unknown

PATH: /y/583f11/llvm-gcc-install/bin
PATH: /y/students/mviscomi/llvm-install/Release/bin
PATH: /y/583f11/llvm-gcc-install/bin
PATH: /y/students/mviscomi/llvm-install/Release/bin
PATH: /usr/lib64/qt-3.3/bin
PATH: /usr/kerberos/bin
PATH: /usr/local/bin
PATH: /bin
PATH: /usr/bin
PATH: /usr/X11R6/bin


## ----------- ##
## Core tests. ##
## ----------- ##

configure:1287: error: cannot find install-sh or install.sh in /y/students/mviscomi/project/eecs583-dreamteam/proj_pass/autoconf .//y/students/mviscomi/project/eecs583-dreamteam/proj_pass/autoconf

## ---------------- ##
## Cache variables. ##
## ---------------- ##

ac_cv_env_build_alias_set=
ac_cv_env_build_alias_value=
ac_cv_env_host_alias_set=
ac_cv_env_host_alias_value=
ac_cv_env_target_alias_set=
ac_cv_env_target_alias_value=

## ----------------- ##
## Output variables. ##
## ----------------- ##

DEFS=''
ECHO_C=''
ECHO_N='-n'
ECHO_T=''
LIBOBJS=''
LIBS=''
LLVM_OBJ='/y/students/mviscomi/project/eecs583-dreamteam/proj_pass'
LLVM_SRC='/y/students/mviscomi/project/eecs583-dreamteam/proj_pass'
LTLIBOBJS=''
PACKAGE_BUGREPORT='bugs@yourdomain'
PACKAGE_NAME='[hw1pass]'
PACKAGE_STRING='[hw1pass] [1.00]'
PACKAGE_TARNAME='--hw1pass--'
PACKAGE_VERSION='[1.00]'
PATH_SEPARATOR=':'
SHELL='/bin/sh'
bindir='${exec_prefix}/bin'
build_alias=''
datadir='${prefix}/share'
exec_prefix='NONE'
host_alias=''
includedir='${prefix}/include'
infodir='${prefix}/info'
libdir='${exec_prefix}/lib'
libexecdir='${exec_prefix}/libexec'
localstatedir='${prefix}/var'
mandir='${prefix}/man'
oldincludedir='/usr/include'
prefix='NONE'
program_transform_name='s,x,x,'
sbindir='${exec_prefix}/sbin'
sharedstatedir='${prefix}/com'
sysconfdir='${prefix}/etc'
target_alias=''

## ----------- ##
## confdefs.h. ##
## ----------- ##

#define PACKAGE_BUGREPORT "bugs@yourdomain"
#define PACKAGE_NAME "[hw1pass]"
#define PACKAGE_STRING "[hw1pass] [1.00]"
#define PACKAGE_TARNAME "--hw1pass--"
#define PACKAGE_VERSION "[1.00]"

configure: exit 1
